mode: count
github.com/slipros/roamer/err/errors.go:51.37,53.2 1 1
github.com/slipros/roamer/err/errors.go:58.37,60.2 1 1
github.com/slipros/roamer/err/errors.go:82.45,84.2 1 1
github.com/slipros/roamer/err/errors.go:91.45,93.2 1 1
github.com/slipros/roamer/err/errors.go:107.43,109.2 1 1
github.com/slipros/roamer/parser/cookie.go:27.26,29.2 1 3
github.com/slipros/roamer/parser/cookie.go:43.85,45.9 2 2
github.com/slipros/roamer/parser/cookie.go:45.9,47.3 1 1
github.com/slipros/roamer/parser/cookie.go:49.2,50.16 2 1
github.com/slipros/roamer/parser/cookie.go:50.16,52.3 1 0
github.com/slipros/roamer/parser/cookie.go:54.2,54.16 1 1
github.com/slipros/roamer/parser/cookie.go:59.31,61.2 1 1
github.com/slipros/roamer/parser/header.go:31.26,33.2 1 6
github.com/slipros/roamer/parser/header.go:47.85,49.9 2 5
github.com/slipros/roamer/parser/header.go:49.9,51.3 1 1
github.com/slipros/roamer/parser/header.go:53.2,53.45 1 4
github.com/slipros/roamer/parser/header.go:53.45,55.3 1 2
github.com/slipros/roamer/parser/header.go:57.2,58.27 2 2
github.com/slipros/roamer/parser/header.go:58.27,60.3 1 1
github.com/slipros/roamer/parser/header.go:62.2,62.26 1 1
github.com/slipros/roamer/parser/header.go:67.31,69.2 1 1
github.com/slipros/roamer/parser/header.go:75.78,76.66 1 2
github.com/slipros/roamer/parser/header.go:76.66,77.27 1 3
github.com/slipros/roamer/parser/header.go:77.27,78.12 1 0
github.com/slipros/roamer/parser/header.go:81.3,81.99 1 3
github.com/slipros/roamer/parser/header.go:81.99,83.4 1 0
github.com/slipros/roamer/parser/header.go:85.3,86.28 2 3
github.com/slipros/roamer/parser/header.go:86.28,87.12 1 1
github.com/slipros/roamer/parser/header.go:90.3,90.27 1 2
github.com/slipros/roamer/parser/header.go:93.2,93.18 1 0
github.com/slipros/roamer/parser/path.go:52.49,53.26 1 6
github.com/slipros/roamer/parser/path.go:53.26,54.66 1 2
github.com/slipros/roamer/parser/path.go:54.66,54.86 1 1
github.com/slipros/roamer/parser/path.go:57.2,57.44 1 6
github.com/slipros/roamer/parser/path.go:70.83,72.9 2 5
github.com/slipros/roamer/parser/path.go:72.9,74.3 1 1
github.com/slipros/roamer/parser/path.go:76.2,76.37 1 4
github.com/slipros/roamer/parser/path.go:81.29,83.2 1 1
github.com/slipros/roamer/parser/path.go:97.73,99.21 2 3
github.com/slipros/roamer/parser/path.go:99.21,101.3 1 2
github.com/slipros/roamer/parser/path.go:103.2,103.20 1 1
github.com/slipros/roamer/parser/query.go:39.43,40.24 1 1
github.com/slipros/roamer/parser/query.go:40.24,42.3 1 1
github.com/slipros/roamer/parser/query.go:56.59,57.24 1 1
github.com/slipros/roamer/parser/query.go:57.24,59.3 1 1
github.com/slipros/roamer/parser/query.go:83.48,86.27 2 10
github.com/slipros/roamer/parser/query.go:86.27,88.3 1 2
github.com/slipros/roamer/parser/query.go:90.2,90.11 1 10
github.com/slipros/roamer/parser/query.go:108.88,110.9 2 7
github.com/slipros/roamer/parser/query.go:110.9,112.3 1 1
github.com/slipros/roamer/parser/query.go:114.2,115.9 2 6
github.com/slipros/roamer/parser/query.go:115.9,118.3 2 5
github.com/slipros/roamer/parser/query.go:120.2,121.9 2 6
github.com/slipros/roamer/parser/query.go:121.9,123.3 1 2
github.com/slipros/roamer/parser/query.go:125.2,125.22 1 4
github.com/slipros/roamer/parser/query.go:125.22,128.52 2 3
github.com/slipros/roamer/parser/query.go:128.52,130.4 1 1
github.com/slipros/roamer/parser/query.go:132.3,132.17 1 2
github.com/slipros/roamer/parser/query.go:135.2,135.21 1 1
github.com/slipros/roamer/parser/query.go:140.30,142.2 1 1
github.com/slipros/roamer/value/float.go:24.73,26.21 1 50
github.com/slipros/roamer/value/float.go:26.21,28.3 1 1
github.com/slipros/roamer/value/float.go:31.2,34.22 3 49
github.com/slipros/roamer/value/float.go:35.22,41.10 2 9
github.com/slipros/roamer/value/float.go:42.29,43.15 1 1
github.com/slipros/roamer/value/float.go:44.32,45.16 1 1
github.com/slipros/roamer/value/float.go:46.33,47.16 1 1
github.com/slipros/roamer/value/float.go:48.11,50.58 2 6
github.com/slipros/roamer/value/float.go:50.58,53.5 1 4
github.com/slipros/roamer/value/float.go:53.10,56.5 1 2
github.com/slipros/roamer/value/float.go:58.3,59.13 2 9
github.com/slipros/roamer/value/float.go:61.20,64.13 2 5
github.com/slipros/roamer/value/float.go:66.78,68.16 1 10
github.com/slipros/roamer/value/float.go:68.16,69.28 1 3
github.com/slipros/roamer/value/float.go:69.28,71.5 1 1
github.com/slipros/roamer/value/float.go:72.4,72.31 1 2
github.com/slipros/roamer/value/float.go:72.31,74.5 1 1
github.com/slipros/roamer/value/float.go:75.4,75.32 1 1
github.com/slipros/roamer/value/float.go:75.32,77.5 1 1
github.com/slipros/roamer/value/float.go:81.3,81.50 1 7
github.com/slipros/roamer/value/float.go:81.51,84.4 0 1
github.com/slipros/roamer/value/float.go:87.3,87.77 1 7
github.com/slipros/roamer/value/float.go:87.77,89.4 1 0
github.com/slipros/roamer/value/float.go:92.3,93.66 2 7
github.com/slipros/roamer/value/float.go:93.66,95.4 1 2
github.com/slipros/roamer/value/float.go:97.3,98.13 2 5
github.com/slipros/roamer/value/float.go:100.83,102.16 1 3
github.com/slipros/roamer/value/float.go:102.16,103.28 1 1
github.com/slipros/roamer/value/float.go:103.28,105.5 1 1
github.com/slipros/roamer/value/float.go:106.4,106.31 1 0
github.com/slipros/roamer/value/float.go:106.31,108.5 1 0
github.com/slipros/roamer/value/float.go:109.4,109.32 1 0
github.com/slipros/roamer/value/float.go:109.32,111.5 1 0
github.com/slipros/roamer/value/float.go:115.3,115.17 1 2
github.com/slipros/roamer/value/float.go:115.17,117.4 1 1
github.com/slipros/roamer/value/float.go:120.3,120.37 1 1
github.com/slipros/roamer/value/float.go:120.38,123.4 0 0
github.com/slipros/roamer/value/float.go:126.3,126.41 1 1
github.com/slipros/roamer/value/float.go:126.41,128.4 1 0
github.com/slipros/roamer/value/float.go:131.3,132.69 2 1
github.com/slipros/roamer/value/float.go:132.69,134.4 1 0
github.com/slipros/roamer/value/float.go:136.3,137.13 2 1
github.com/slipros/roamer/value/float.go:139.23,141.16 1 3
github.com/slipros/roamer/value/float.go:141.16,142.28 1 1
github.com/slipros/roamer/value/float.go:142.28,145.5 2 1
github.com/slipros/roamer/value/float.go:147.4,147.31 1 0
github.com/slipros/roamer/value/float.go:147.31,150.5 2 0
github.com/slipros/roamer/value/float.go:152.4,152.32 1 0
github.com/slipros/roamer/value/float.go:152.32,155.5 2 0
github.com/slipros/roamer/value/float.go:159.3,159.64 1 2
github.com/slipros/roamer/value/float.go:159.64,161.4 1 1
github.com/slipros/roamer/value/float.go:163.3,164.13 2 1
github.com/slipros/roamer/value/float.go:166.23,169.13 2 7
github.com/slipros/roamer/value/float.go:171.45,174.16 1 3
github.com/slipros/roamer/value/float.go:174.16,176.11 2 1
github.com/slipros/roamer/value/float.go:177.30,179.49 1 1
github.com/slipros/roamer/value/float.go:180.33,181.41 1 0
github.com/slipros/roamer/value/float.go:182.34,183.42 1 0
github.com/slipros/roamer/value/float.go:185.4,186.14 2 1
github.com/slipros/roamer/value/float.go:189.3,190.13 2 2
github.com/slipros/roamer/value/float.go:192.25,195.13 2 1
github.com/slipros/roamer/value/float.go:197.19,199.20 1 6
github.com/slipros/roamer/value/float.go:199.20,202.4 1 5
github.com/slipros/roamer/value/float.go:203.3,203.43 1 6
github.com/slipros/roamer/value/float.go:207.2,207.111 1 2
github.com/slipros/roamer/value/integer.go:24.77,26.21 1 57
github.com/slipros/roamer/value/integer.go:26.21,28.3 1 1
github.com/slipros/roamer/value/integer.go:31.2,38.28 2 56
github.com/slipros/roamer/value/integer.go:39.38,41.27 2 43
github.com/slipros/roamer/value/integer.go:42.10,44.29 1 13
github.com/slipros/roamer/value/integer.go:47.2,47.22 1 56
github.com/slipros/roamer/value/integer.go:48.22,50.15 1 7
github.com/slipros/roamer/value/integer.go:50.15,52.4 1 5
github.com/slipros/roamer/value/integer.go:52.9,54.4 1 2
github.com/slipros/roamer/value/integer.go:55.3,55.13 1 7
github.com/slipros/roamer/value/integer.go:57.20,59.15 1 8
github.com/slipros/roamer/value/integer.go:59.15,61.4 1 6
github.com/slipros/roamer/value/integer.go:61.9,63.4 1 2
github.com/slipros/roamer/value/integer.go:64.3,64.13 1 8
github.com/slipros/roamer/value/integer.go:66.78,67.15 1 19
github.com/slipros/roamer/value/integer.go:67.15,69.67 1 17
github.com/slipros/roamer/value/integer.go:69.67,71.5 1 5
github.com/slipros/roamer/value/integer.go:72.4,72.26 1 12
github.com/slipros/roamer/value/integer.go:73.9,75.33 1 2
github.com/slipros/roamer/value/integer.go:75.33,77.5 1 1
github.com/slipros/roamer/value/integer.go:79.4,79.75 1 1
github.com/slipros/roamer/value/integer.go:79.75,81.5 1 0
github.com/slipros/roamer/value/integer.go:82.4,82.34 1 1
github.com/slipros/roamer/value/integer.go:84.3,84.13 1 13
github.com/slipros/roamer/value/integer.go:86.83,88.31 1 7
github.com/slipros/roamer/value/integer.go:88.31,90.4 1 2
github.com/slipros/roamer/value/integer.go:93.3,94.15 2 5
github.com/slipros/roamer/value/integer.go:94.15,96.4 1 1
github.com/slipros/roamer/value/integer.go:96.9,98.4 1 4
github.com/slipros/roamer/value/integer.go:101.3,101.70 1 5
github.com/slipros/roamer/value/integer.go:101.70,103.4 1 1
github.com/slipros/roamer/value/integer.go:105.3,106.13 2 4
github.com/slipros/roamer/value/integer.go:108.40,110.15 1 2
github.com/slipros/roamer/value/integer.go:110.15,112.4 1 1
github.com/slipros/roamer/value/integer.go:112.9,114.4 1 1
github.com/slipros/roamer/value/integer.go:115.3,115.13 1 2
github.com/slipros/roamer/value/integer.go:117.45,119.15 1 2
github.com/slipros/roamer/value/integer.go:119.15,121.4 1 1
github.com/slipros/roamer/value/integer.go:121.9,123.4 1 1
github.com/slipros/roamer/value/integer.go:124.3,124.13 1 2
github.com/slipros/roamer/value/integer.go:126.25,128.15 1 2
github.com/slipros/roamer/value/integer.go:128.15,130.4 1 1
github.com/slipros/roamer/value/integer.go:130.9,132.4 1 1
github.com/slipros/roamer/value/integer.go:133.3,133.13 1 2
github.com/slipros/roamer/value/integer.go:135.19,137.20 1 6
github.com/slipros/roamer/value/integer.go:137.20,140.4 1 5
github.com/slipros/roamer/value/integer.go:141.3,141.45 1 6
github.com/slipros/roamer/value/integer.go:145.2,146.14 2 3
github.com/slipros/roamer/value/integer.go:146.14,148.3 1 3
github.com/slipros/roamer/value/integer.go:148.8,150.3 1 0
github.com/slipros/roamer/value/integer.go:152.2,153.26 1 3
github.com/slipros/roamer/value/integer.go:158.71,163.74 2 25
github.com/slipros/roamer/value/integer.go:163.74,165.3 1 11
github.com/slipros/roamer/value/integer.go:168.2,172.40 4 14
github.com/slipros/roamer/value/integer.go:172.40,175.3 1 7
github.com/slipros/roamer/value/integer.go:177.2,177.12 1 7
github.com/slipros/roamer/value/integer.go:182.74,187.21 3 6
github.com/slipros/roamer/value/integer.go:187.21,190.3 1 1
github.com/slipros/roamer/value/integer.go:192.2,192.12 1 5
github.com/slipros/roamer/value/ptr.go:17.47,18.22 1 9
github.com/slipros/roamer/value/ptr.go:19.19,21.20 1 2
github.com/slipros/roamer/value/ptr.go:21.20,23.4 1 1
github.com/slipros/roamer/value/ptr.go:24.10,26.34 1 7
github.com/slipros/roamer/value/ptr.go:26.34,27.24 1 7
github.com/slipros/roamer/value/ptr.go:27.24,30.5 1 3
github.com/slipros/roamer/value/ptr.go:33.4,33.24 1 4
github.com/slipros/roamer/value/ptr.go:38.2,38.27 1 5
github.com/slipros/roamer/value/ptr.go:38.27,40.3 1 1
github.com/slipros/roamer/value/ptr.go:43.2,43.32 1 4
github.com/slipros/roamer/value/slice.go:20.41,24.2 1 17
github.com/slipros/roamer/value/slice.go:30.44,31.31 1 1
github.com/slipros/roamer/value/slice.go:31.31,33.3 1 1
github.com/slipros/roamer/value/slice.go:47.86,49.21 1 18
github.com/slipros/roamer/value/slice.go:49.21,51.3 1 1
github.com/slipros/roamer/value/slice.go:54.2,55.30 2 17
github.com/slipros/roamer/value/slice.go:55.30,57.3 1 1
github.com/slipros/roamer/value/slice.go:60.2,60.37 1 17
github.com/slipros/roamer/value/slice.go:60.37,61.20 1 1
github.com/slipros/roamer/value/slice.go:61.20,63.4 1 1
github.com/slipros/roamer/value/slice.go:64.3,64.55 1 1
github.com/slipros/roamer/value/slice.go:67.2,68.22 2 16
github.com/slipros/roamer/value/slice.go:69.22,72.13 2 3
github.com/slipros/roamer/value/slice.go:74.21,78.40 2 10
github.com/slipros/roamer/value/slice.go:78.40,81.26 2 4
github.com/slipros/roamer/value/slice.go:81.26,83.5 1 9
github.com/slipros/roamer/value/slice.go:84.4,85.14 2 4
github.com/slipros/roamer/value/slice.go:89.3,89.37 1 6
github.com/slipros/roamer/value/slice.go:89.37,91.31 2 3
github.com/slipros/roamer/value/slice.go:91.31,93.56 2 8
github.com/slipros/roamer/value/slice.go:93.56,95.6 1 1
github.com/slipros/roamer/value/slice.go:96.5,96.45 1 7
github.com/slipros/roamer/value/slice.go:98.4,99.14 2 2
github.com/slipros/roamer/value/slice.go:103.3,103.38 1 3
github.com/slipros/roamer/value/slice.go:103.38,105.31 2 2
github.com/slipros/roamer/value/slice.go:105.31,107.56 2 5
github.com/slipros/roamer/value/slice.go:107.56,109.6 1 1
github.com/slipros/roamer/value/slice.go:110.5,110.45 1 4
github.com/slipros/roamer/value/slice.go:112.4,113.14 2 1
github.com/slipros/roamer/value/slice.go:117.3,117.43 1 1
github.com/slipros/roamer/value/slice.go:117.43,119.26 2 1
github.com/slipros/roamer/value/slice.go:119.26,121.5 1 3
github.com/slipros/roamer/value/slice.go:122.4,123.14 2 1
github.com/slipros/roamer/value/slice.go:126.25,129.13 2 1
github.com/slipros/roamer/value/slice.go:133.2,134.69 1 2
github.com/slipros/roamer/value/slice.go:138.44,139.14 1 6
github.com/slipros/roamer/value/slice.go:142.36,143.14 1 3
github.com/slipros/roamer/value/slice.go:144.10,145.15 1 3
github.com/slipros/roamer/value/string.go:29.55,31.21 1 95
github.com/slipros/roamer/value/string.go:31.21,33.3 1 1
github.com/slipros/roamer/value/string.go:36.2,36.15 1 94
github.com/slipros/roamer/value/string.go:36.15,38.3 1 8
github.com/slipros/roamer/value/string.go:40.2,40.22 1 86
github.com/slipros/roamer/value/string.go:41.22,44.13 2 13
github.com/slipros/roamer/value/string.go:46.20,47.39 1 11
github.com/slipros/roamer/value/string.go:49.78,50.38 1 19
github.com/slipros/roamer/value/string.go:52.83,53.39 1 8
github.com/slipros/roamer/value/string.go:55.40,56.40 1 6
github.com/slipros/roamer/value/string.go:58.45,59.42 1 3
github.com/slipros/roamer/value/string.go:61.21,62.40 1 4
github.com/slipros/roamer/value/string.go:64.25,67.13 2 2
github.com/slipros/roamer/value/string.go:69.19,71.20 1 1
github.com/slipros/roamer/value/string.go:71.20,73.4 1 1
github.com/slipros/roamer/value/string.go:74.3,74.38 1 1
github.com/slipros/roamer/value/string.go:76.22,77.41 1 11
github.com/slipros/roamer/value/string.go:79.19,80.38 1 7
github.com/slipros/roamer/value/string.go:84.2,84.36 1 1
github.com/slipros/roamer/value/string.go:90.51,91.22 1 8
github.com/slipros/roamer/value/string.go:92.22,95.13 2 1
github.com/slipros/roamer/value/string.go:99.75,102.13 2 5
github.com/slipros/roamer/value/string.go:104.21,106.13 1 0
github.com/slipros/roamer/value/string.go:108.19,110.20 1 1
github.com/slipros/roamer/value/string.go:110.20,112.4 1 1
github.com/slipros/roamer/value/string.go:113.3,113.13 1 1
github.com/slipros/roamer/value/string.go:115.19,117.20 1 1
github.com/slipros/roamer/value/string.go:117.20,119.4 1 1
github.com/slipros/roamer/value/string.go:120.3,120.13 1 1
github.com/slipros/roamer/value/string.go:122.25,125.13 2 0
github.com/slipros/roamer/value/string.go:129.2,129.35 1 0
github.com/slipros/roamer/value/string.go:133.63,136.13 2 11
github.com/slipros/roamer/value/string.go:137.42,139.13 2 6
github.com/slipros/roamer/value/string.go:140.43,142.13 2 4
github.com/slipros/roamer/value/string.go:146.2,147.16 2 1
github.com/slipros/roamer/value/string.go:147.16,149.3 1 1
github.com/slipros/roamer/value/string.go:150.2,151.12 2 0
github.com/slipros/roamer/value/string.go:156.62,159.66 2 19
github.com/slipros/roamer/value/string.go:159.66,161.3 1 1
github.com/slipros/roamer/value/string.go:161.8,161.56 1 18
github.com/slipros/roamer/value/string.go:161.56,163.3 1 1
github.com/slipros/roamer/value/string.go:166.2,167.22 2 19
github.com/slipros/roamer/value/string.go:168.20,169.14 1 1
github.com/slipros/roamer/value/string.go:170.21,171.15 1 1
github.com/slipros/roamer/value/string.go:172.21,173.15 1 1
github.com/slipros/roamer/value/string.go:174.21,175.15 1 1
github.com/slipros/roamer/value/string.go:179.2,180.16 2 19
github.com/slipros/roamer/value/string.go:180.16,182.3 1 3
github.com/slipros/roamer/value/string.go:185.2,186.12 2 16
github.com/slipros/roamer/value/string.go:191.63,194.66 2 8
github.com/slipros/roamer/value/string.go:194.66,196.3 1 1
github.com/slipros/roamer/value/string.go:196.8,196.56 1 7
github.com/slipros/roamer/value/string.go:196.56,198.3 1 1
github.com/slipros/roamer/value/string.go:201.2,202.22 2 8
github.com/slipros/roamer/value/string.go:203.21,204.14 1 1
github.com/slipros/roamer/value/string.go:205.22,206.15 1 1
github.com/slipros/roamer/value/string.go:207.22,208.15 1 1
github.com/slipros/roamer/value/string.go:209.22,210.15 1 1
github.com/slipros/roamer/value/string.go:214.2,215.16 2 8
github.com/slipros/roamer/value/string.go:215.16,217.3 1 1
github.com/slipros/roamer/value/string.go:220.2,221.12 2 7
github.com/slipros/roamer/value/string.go:225.64,228.37 2 6
github.com/slipros/roamer/value/string.go:228.37,230.3 1 1
github.com/slipros/roamer/value/string.go:233.2,234.16 2 6
github.com/slipros/roamer/value/string.go:234.16,236.3 1 1
github.com/slipros/roamer/value/string.go:239.2,240.12 2 5
github.com/slipros/roamer/value/string.go:244.66,247.39 2 3
github.com/slipros/roamer/value/string.go:247.39,249.3 1 1
github.com/slipros/roamer/value/string.go:252.2,253.16 2 3
github.com/slipros/roamer/value/string.go:253.16,255.3 1 1
github.com/slipros/roamer/value/string.go:258.2,259.12 2 2
github.com/slipros/roamer/value/string.go:263.64,266.25 2 4
github.com/slipros/roamer/value/string.go:267.21,270.13 2 1
github.com/slipros/roamer/value/string.go:272.22,273.42 1 2
github.com/slipros/roamer/value/string.go:273.42,276.73 2 1
github.com/slipros/roamer/value/string.go:276.73,278.5 1 0
github.com/slipros/roamer/value/string.go:279.4,280.14 2 1
github.com/slipros/roamer/value/string.go:283.3,288.30 3 1
github.com/slipros/roamer/value/string.go:288.30,289.50 1 3
github.com/slipros/roamer/value/string.go:289.50,291.74 2 3
github.com/slipros/roamer/value/string.go:291.74,293.6 1 0
github.com/slipros/roamer/value/string.go:294.5,294.50 1 3
github.com/slipros/roamer/value/string.go:297.3,299.13 2 1
github.com/slipros/roamer/value/string.go:301.10,303.41 1 1
github.com/slipros/roamer/value/string.go:303.41,305.31 2 1
github.com/slipros/roamer/value/string.go:305.31,307.22 2 3
github.com/slipros/roamer/value/string.go:307.22,312.56 2 3
github.com/slipros/roamer/value/string.go:312.56,314.7 1 3
github.com/slipros/roamer/value/string.go:314.12,316.7 1 0
github.com/slipros/roamer/value/string.go:319.4,319.14 1 1
github.com/slipros/roamer/value/string.go:323.3,324.49 2 0
github.com/slipros/roamer/value/string.go:324.49,327.4 2 0
github.com/slipros/roamer/value/string.go:329.3,329.86 1 0
github.com/slipros/roamer/value/string.go:335.65,337.30 1 11
github.com/slipros/roamer/value/string.go:337.30,339.3 1 8
github.com/slipros/roamer/value/string.go:342.2,342.36 1 3
github.com/slipros/roamer/value/string.go:346.63,348.16 2 8
github.com/slipros/roamer/value/string.go:348.16,350.3 1 1
github.com/slipros/roamer/value/string.go:352.2,354.12 2 7
github.com/slipros/roamer/value/string.go:359.62,361.49 1 7
github.com/slipros/roamer/value/string.go:361.49,363.3 1 1
github.com/slipros/roamer/value/string.go:366.2,366.19 1 6
github.com/slipros/roamer/value/string.go:366.19,368.3 1 6
github.com/slipros/roamer/value/string.go:371.2,371.33 1 6
github.com/slipros/roamer/value/string.go:371.33,373.3 1 2
github.com/slipros/roamer/value/string.go:375.2,376.29 2 4
github.com/slipros/roamer/value/string.go:376.29,378.17 2 6
github.com/slipros/roamer/value/string.go:378.17,379.12 1 0
github.com/slipros/roamer/value/string.go:382.3,383.19 2 6
github.com/slipros/roamer/value/string.go:383.19,385.4 1 1
github.com/slipros/roamer/value/string.go:387.3,395.48 5 5
github.com/slipros/roamer/value/string.go:395.48,397.4 1 1
github.com/slipros/roamer/value/string.go:400.3,400.48 1 4
github.com/slipros/roamer/value/string.go:403.2,403.12 1 2
github.com/slipros/roamer/value/string.go:408.61,411.22 1 4
github.com/slipros/roamer/value/string.go:411.22,413.3 1 0
github.com/slipros/roamer/value/string.go:415.2,416.25 2 4
github.com/slipros/roamer/value/string.go:416.25,418.3 1 0
github.com/slipros/roamer/value/string.go:420.2,420.57 1 4
github.com/slipros/roamer/value/string.go:425.60,426.25 1 4
github.com/slipros/roamer/value/string.go:427.32,429.54 1 2
github.com/slipros/roamer/value/string.go:429.54,431.4 1 1
github.com/slipros/roamer/value/string.go:432.3,432.13 1 1
github.com/slipros/roamer/value/string.go:434.34,436.56 1 1
github.com/slipros/roamer/value/string.go:436.56,438.4 1 0
github.com/slipros/roamer/value/string.go:439.3,439.13 1 1
github.com/slipros/roamer/value/string.go:442.2,442.108 1 1
github.com/slipros/roamer/value/time.go:56.60,61.2 3 8
github.com/slipros/roamer/value/time.go:63.61,67.33 3 7
github.com/slipros/roamer/value/time.go:67.33,69.3 1 0
github.com/slipros/roamer/value/time.go:71.2,71.29 1 7
github.com/slipros/roamer/value/time.go:74.47,75.60 1 8
github.com/slipros/roamer/value/time.go:75.60,76.52 1 0
github.com/slipros/roamer/value/time.go:76.52,78.4 1 0
github.com/slipros/roamer/value/time.go:81.2,83.9 2 8
github.com/slipros/roamer/value/time.go:84.40,85.42 1 1
github.com/slipros/roamer/value/time.go:86.39,87.10 1 3
github.com/slipros/roamer/value/time.go:88.36,89.42 1 2
github.com/slipros/roamer/value/time.go:90.63,91.42 1 1
github.com/slipros/roamer/value/time.go:92.11,93.51 1 0
github.com/slipros/roamer/value/time.go:95.40,96.42 1 1
github.com/slipros/roamer/value/time.go:97.38,98.64 1 0
github.com/slipros/roamer/value/time.go:99.10,101.51 1 3
github.com/slipros/roamer/value/time.go:104.2,104.39 1 8
github.com/slipros/roamer/value/time.go:104.39,105.52 1 11
github.com/slipros/roamer/value/time.go:105.52,109.4 2 5
github.com/slipros/roamer/value/time.go:112.2,112.37 1 3
github.com/slipros/roamer/value/time.go:112.37,114.41 2 29
github.com/slipros/roamer/value/time.go:114.41,115.25 1 56
github.com/slipros/roamer/value/time.go:115.25,117.10 2 4
github.com/slipros/roamer/value/time.go:120.3,120.11 1 29
github.com/slipros/roamer/value/time.go:120.11,121.12 1 4
github.com/slipros/roamer/value/time.go:124.3,124.52 1 25
github.com/slipros/roamer/value/time.go:124.52,128.4 2 2
github.com/slipros/roamer/value/time.go:131.2,131.96 1 1
github.com/slipros/roamer/value/time.go:134.50,135.16 1 3
github.com/slipros/roamer/value/time.go:136.10,137.33 1 0
github.com/slipros/roamer/value/time.go:138.10,139.56 1 1
github.com/slipros/roamer/value/time.go:140.10,141.32 1 0
github.com/slipros/roamer/value/time.go:142.10,143.32 1 0
github.com/slipros/roamer/value/time.go:144.10,145.50 1 2
github.com/slipros/roamer/value/value.go:30.48,32.21 1 54
github.com/slipros/roamer/value/value.go:32.21,34.3 1 1
github.com/slipros/roamer/value/value.go:37.2,37.18 1 53
github.com/slipros/roamer/value/value.go:37.18,40.3 2 2
github.com/slipros/roamer/value/value.go:42.2,45.29 2 51
github.com/slipros/roamer/value/value.go:45.29,46.20 1 1
github.com/slipros/roamer/value/value.go:46.20,49.4 1 1
github.com/slipros/roamer/value/value.go:51.3,51.34 1 1
github.com/slipros/roamer/value/value.go:55.2,55.27 1 50
github.com/slipros/roamer/value/value.go:56.14,57.29 1 6
github.com/slipros/roamer/value/value.go:58.15,59.15 1 2
github.com/slipros/roamer/value/value.go:59.15,63.4 2 1
github.com/slipros/roamer/value/value.go:64.3,64.30 1 1
github.com/slipros/roamer/value/value.go:65.12,67.27 1 3
github.com/slipros/roamer/value/value.go:67.27,70.4 2 1
github.com/slipros/roamer/value/value.go:71.3,71.49 1 2
github.com/slipros/roamer/value/value.go:72.13,73.15 1 2
github.com/slipros/roamer/value/value.go:73.15,76.4 2 1
github.com/slipros/roamer/value/value.go:77.3,77.27 1 1
github.com/slipros/roamer/value/value.go:77.27,80.4 2 1
github.com/slipros/roamer/value/value.go:81.3,81.50 1 0
github.com/slipros/roamer/value/value.go:82.11,83.30 1 9
github.com/slipros/roamer/value/value.go:84.12,85.15 1 2
github.com/slipros/roamer/value/value.go:85.15,88.4 2 1
github.com/slipros/roamer/value/value.go:89.3,89.31 1 1
github.com/slipros/roamer/value/value.go:90.12,91.30 1 1
github.com/slipros/roamer/value/value.go:92.13,93.15 1 0
github.com/slipros/roamer/value/value.go:93.15,96.4 2 0
github.com/slipros/roamer/value/value.go:97.3,97.31 1 0
github.com/slipros/roamer/value/value.go:98.13,99.30 1 0
github.com/slipros/roamer/value/value.go:100.14,101.15 1 0
github.com/slipros/roamer/value/value.go:101.15,104.4 2 0
github.com/slipros/roamer/value/value.go:105.3,105.31 1 0
github.com/slipros/roamer/value/value.go:106.13,107.30 1 0
github.com/slipros/roamer/value/value.go:108.14,109.15 1 0
github.com/slipros/roamer/value/value.go:109.15,112.4 2 0
github.com/slipros/roamer/value/value.go:113.3,113.31 1 0
github.com/slipros/roamer/value/value.go:114.13,115.30 1 0
github.com/slipros/roamer/value/value.go:116.14,117.15 1 0
github.com/slipros/roamer/value/value.go:117.15,120.4 2 0
github.com/slipros/roamer/value/value.go:121.3,121.31 1 0
github.com/slipros/roamer/value/value.go:122.12,123.30 1 2
github.com/slipros/roamer/value/value.go:124.13,125.15 1 2
github.com/slipros/roamer/value/value.go:125.15,128.4 2 1
github.com/slipros/roamer/value/value.go:129.3,129.31 1 1
github.com/slipros/roamer/value/value.go:130.13,131.30 1 0
github.com/slipros/roamer/value/value.go:132.14,133.15 1 0
github.com/slipros/roamer/value/value.go:133.15,136.4 2 0
github.com/slipros/roamer/value/value.go:137.3,137.31 1 0
github.com/slipros/roamer/value/value.go:138.14,139.30 1 0
github.com/slipros/roamer/value/value.go:140.15,141.15 1 0
github.com/slipros/roamer/value/value.go:141.15,144.4 2 0
github.com/slipros/roamer/value/value.go:145.3,145.31 1 0
github.com/slipros/roamer/value/value.go:146.14,147.30 1 0
github.com/slipros/roamer/value/value.go:148.15,149.15 1 0
github.com/slipros/roamer/value/value.go:149.15,152.4 2 0
github.com/slipros/roamer/value/value.go:153.3,153.31 1 0
github.com/slipros/roamer/value/value.go:154.14,155.30 1 0
github.com/slipros/roamer/value/value.go:156.15,157.15 1 0
github.com/slipros/roamer/value/value.go:157.15,160.4 2 0
github.com/slipros/roamer/value/value.go:161.3,161.31 1 0
github.com/slipros/roamer/value/value.go:162.15,163.28 1 1
github.com/slipros/roamer/value/value.go:164.16,165.15 1 0
github.com/slipros/roamer/value/value.go:165.15,168.4 2 0
github.com/slipros/roamer/value/value.go:169.3,169.29 1 0
github.com/slipros/roamer/value/value.go:170.15,171.28 1 1
github.com/slipros/roamer/value/value.go:172.16,173.15 1 2
github.com/slipros/roamer/value/value.go:173.15,176.4 2 1
github.com/slipros/roamer/value/value.go:177.3,177.29 1 1
github.com/slipros/roamer/value/value.go:178.16,179.34 1 2
github.com/slipros/roamer/value/value.go:180.13,182.28 1 4
github.com/slipros/roamer/value/value.go:182.28,184.4 1 3
github.com/slipros/roamer/value/value.go:188.2,188.46 1 12
github.com/slipros/roamer/value/value.go:188.46,190.3 1 2
github.com/slipros/roamer/value/value.go:193.2,197.41 3 10
github.com/slipros/roamer/value/value.go:197.41,199.25 1 2
github.com/slipros/roamer/value/value.go:199.25,202.4 2 0
github.com/slipros/roamer/value/value.go:205.3,206.33 2 2
github.com/slipros/roamer/value/value.go:210.2,210.42 1 10
github.com/slipros/roamer/value/value.go:210.42,213.3 2 5
github.com/slipros/roamer/value/value.go:216.2,216.43 1 5
github.com/slipros/roamer/value/value.go:216.43,219.3 2 0
github.com/slipros/roamer/value/value.go:222.2,223.74 1 5
github.com/slipros/roamer/value/value.go:227.68,228.35 1 3
github.com/slipros/roamer/value/value.go:228.35,231.3 1 0
github.com/slipros/roamer/value/value.go:234.2,238.29 3 3
github.com/slipros/roamer/value/value.go:238.29,240.40 2 9
github.com/slipros/roamer/value/value.go:240.40,243.4 1 1
github.com/slipros/roamer/value/value.go:244.3,244.38 1 8
github.com/slipros/roamer/value/value.go:247.2,248.12 2 2
github.com/slipros/roamer/internal/cache/structure.go:31.104,38.2 1 4
github.com/slipros/roamer/internal/cache/structure.go:42.57,43.38 1 6
github.com/slipros/roamer/internal/cache/structure.go:43.38,45.3 1 3
github.com/slipros/roamer/internal/cache/structure.go:47.2,50.62 2 3
github.com/slipros/roamer/internal/cache/structure.go:50.62,52.3 1 0
github.com/slipros/roamer/internal/cache/structure.go:54.2,54.15 1 3
github.com/slipros/roamer/internal/cache/structure.go:59.64,62.36 2 3
github.com/slipros/roamer/internal/cache/structure.go:62.36,65.41 2 6
github.com/slipros/roamer/internal/cache/structure.go:65.41,66.12 1 3
github.com/slipros/roamer/internal/cache/structure.go:69.3,81.5 2 3
github.com/slipros/roamer/internal/cache/structure.go:84.2,84.15 1 3
github.com/slipros/roamer/internal/cache/structure.go:89.85,91.27 2 12
github.com/slipros/roamer/internal/cache/structure.go:91.27,92.34 1 12
github.com/slipros/roamer/internal/cache/structure.go:92.34,93.12 1 8
github.com/slipros/roamer/internal/cache/structure.go:96.3,96.29 1 4
github.com/slipros/roamer/internal/cache/structure.go:99.2,99.15 1 12
github.com/slipros/roamer/decoder/form.go:35.45,36.26 1 2
github.com/slipros/roamer/decoder/form.go:36.26,38.3 1 2
github.com/slipros/roamer/decoder/form.go:45.61,46.26 1 1
github.com/slipros/roamer/decoder/form.go:46.26,48.3 1 1
github.com/slipros/roamer/decoder/form.go:80.54,88.27 2 26
github.com/slipros/roamer/decoder/form.go:88.27,90.3 1 5
github.com/slipros/roamer/decoder/form.go:92.2,92.11 1 26
github.com/slipros/roamer/decoder/form.go:105.58,106.38 1 20
github.com/slipros/roamer/decoder/form.go:106.38,108.3 1 1
github.com/slipros/roamer/decoder/form.go:110.2,113.18 3 19
github.com/slipros/roamer/decoder/form.go:114.22,115.42 1 11
github.com/slipros/roamer/decoder/form.go:116.19,117.39 1 7
github.com/slipros/roamer/decoder/form.go:118.10,119.45 1 1
github.com/slipros/roamer/decoder/form.go:126.40,128.2 1 4
github.com/slipros/roamer/decoder/form.go:132.32,134.2 1 1
github.com/slipros/roamer/decoder/form.go:138.54,140.2 1 1
github.com/slipros/roamer/decoder/form.go:144.44,146.2 1 1
github.com/slipros/roamer/decoder/form.go:158.86,160.9 2 65
github.com/slipros/roamer/decoder/form.go:160.9,162.3 1 1
github.com/slipros/roamer/decoder/form.go:164.2,165.9 2 64
github.com/slipros/roamer/decoder/form.go:165.9,167.3 1 20
github.com/slipros/roamer/decoder/form.go:169.2,169.22 1 44
github.com/slipros/roamer/decoder/form.go:169.22,172.52 2 43
github.com/slipros/roamer/decoder/form.go:172.52,174.4 1 1
github.com/slipros/roamer/decoder/form.go:176.3,176.17 1 42
github.com/slipros/roamer/decoder/form.go:179.2,179.21 1 1
github.com/slipros/roamer/decoder/form.go:192.94,194.30 2 11
github.com/slipros/roamer/decoder/form.go:194.30,197.57 2 67
github.com/slipros/roamer/decoder/form.go:197.57,198.12 1 2
github.com/slipros/roamer/decoder/form.go:201.3,202.10 2 65
github.com/slipros/roamer/decoder/form.go:202.10,203.12 1 21
github.com/slipros/roamer/decoder/form.go:206.3,207.43 2 44
github.com/slipros/roamer/decoder/form.go:207.43,208.12 1 0
github.com/slipros/roamer/decoder/form.go:211.3,211.58 1 44
github.com/slipros/roamer/decoder/form.go:211.58,213.4 1 1
github.com/slipros/roamer/decoder/form.go:216.2,216.12 1 10
github.com/slipros/roamer/decoder/form.go:234.85,235.38 1 7
github.com/slipros/roamer/decoder/form.go:235.38,237.3 1 1
github.com/slipros/roamer/decoder/form.go:239.2,240.23 2 6
github.com/slipros/roamer/decoder/form.go:241.22,243.26 2 1
github.com/slipros/roamer/decoder/form.go:243.26,244.31 1 21
github.com/slipros/roamer/decoder/form.go:244.31,246.13 2 20
github.com/slipros/roamer/decoder/form.go:249.4,249.41 1 1
github.com/slipros/roamer/decoder/form.go:252.3,253.13 2 1
github.com/slipros/roamer/decoder/form.go:254.25,256.26 2 3
github.com/slipros/roamer/decoder/form.go:256.26,257.19 1 42
github.com/slipros/roamer/decoder/form.go:257.19,259.13 2 40
github.com/slipros/roamer/decoder/form.go:262.4,262.12 1 2
github.com/slipros/roamer/decoder/form.go:265.3,266.13 2 3
github.com/slipros/roamer/decoder/form.go:267.21,269.37 2 1
github.com/slipros/roamer/decoder/form.go:269.37,272.4 2 1
github.com/slipros/roamer/decoder/form.go:275.2,275.44 1 1
github.com/slipros/roamer/decoder/json.go:50.45,55.27 2 7
github.com/slipros/roamer/decoder/json.go:55.27,57.3 1 1
github.com/slipros/roamer/decoder/json.go:59.2,59.11 1 7
github.com/slipros/roamer/decoder/json.go:74.55,75.60 1 4
github.com/slipros/roamer/decoder/json.go:75.60,76.30 1 2
github.com/slipros/roamer/decoder/json.go:76.30,78.4 1 2
github.com/slipros/roamer/decoder/json.go:81.2,81.12 1 2
github.com/slipros/roamer/decoder/json.go:87.37,89.2 1 2
github.com/slipros/roamer/decoder/json.go:93.29,95.2 1 1
github.com/slipros/roamer/decoder/json.go:99.51,101.2 1 1
github.com/slipros/roamer/decoder/multipart.go:42.66,43.36 1 1
github.com/slipros/roamer/decoder/multipart.go:43.36,45.3 1 1
github.com/slipros/roamer/decoder/multipart.go:78.84,85.27 2 5
github.com/slipros/roamer/decoder/multipart.go:85.27,87.3 1 3
github.com/slipros/roamer/decoder/multipart.go:89.2,89.11 1 5
github.com/slipros/roamer/decoder/multipart.go:101.68,102.58 1 1
github.com/slipros/roamer/decoder/multipart.go:102.58,104.3 1 0
github.com/slipros/roamer/decoder/multipart.go:106.2,108.18 2 1
github.com/slipros/roamer/decoder/multipart.go:109.22,110.30 1 1
github.com/slipros/roamer/decoder/multipart.go:111.10,112.45 1 0
github.com/slipros/roamer/decoder/multipart.go:119.50,121.2 1 3
github.com/slipros/roamer/decoder/multipart.go:125.42,127.2 1 0
github.com/slipros/roamer/decoder/multipart.go:131.76,133.2 1 0
github.com/slipros/roamer/decoder/multipart.go:137.64,139.2 1 1
github.com/slipros/roamer/decoder/multipart.go:143.54,145.2 1 1
github.com/slipros/roamer/decoder/multipart.go:156.88,159.29 2 1
github.com/slipros/roamer/decoder/multipart.go:159.29,161.25 2 0
github.com/slipros/roamer/decoder/multipart.go:161.25,164.74 2 0
github.com/slipros/roamer/decoder/multipart.go:164.74,165.13 1 0
github.com/slipros/roamer/decoder/multipart.go:168.4,169.11 2 0
github.com/slipros/roamer/decoder/multipart.go:169.11,170.13 1 0
github.com/slipros/roamer/decoder/multipart.go:173.4,173.72 1 0
github.com/slipros/roamer/decoder/multipart.go:173.72,175.5 1 0
github.com/slipros/roamer/decoder/multipart.go:178.3,178.13 1 0
github.com/slipros/roamer/decoder/multipart.go:181.2,181.30 1 1
github.com/slipros/roamer/decoder/multipart.go:181.30,184.41 2 10
github.com/slipros/roamer/decoder/multipart.go:184.41,185.12 1 0
github.com/slipros/roamer/decoder/multipart.go:188.3,189.10 2 10
github.com/slipros/roamer/decoder/multipart.go:189.10,190.12 1 0
github.com/slipros/roamer/decoder/multipart.go:193.3,193.65 1 10
github.com/slipros/roamer/decoder/multipart.go:193.65,195.4 1 0
github.com/slipros/roamer/decoder/multipart.go:198.2,198.12 1 1
github.com/slipros/roamer/decoder/multipart.go:207.9,208.21 1 10
github.com/slipros/roamer/decoder/multipart.go:208.21,209.62 1 10
github.com/slipros/roamer/decoder/multipart.go:209.62,211.44 2 3
github.com/slipros/roamer/decoder/multipart.go:211.44,213.5 1 0
github.com/slipros/roamer/decoder/multipart.go:215.4,215.59 1 3
github.com/slipros/roamer/decoder/multipart.go:215.59,217.5 1 0
github.com/slipros/roamer/decoder/multipart.go:219.4,219.14 1 3
github.com/slipros/roamer/decoder/multipart.go:223.2,223.28 1 7
github.com/slipros/roamer/decoder/multipart.go:223.28,225.3 1 0
github.com/slipros/roamer/decoder/multipart.go:227.2,227.18 1 7
github.com/slipros/roamer/decoder/multipart.go:228.24,230.39 2 1
github.com/slipros/roamer/decoder/multipart.go:230.39,232.18 2 2
github.com/slipros/roamer/decoder/multipart.go:232.18,234.5 1 0
github.com/slipros/roamer/decoder/multipart.go:236.4,240.6 1 2
github.com/slipros/roamer/decoder/multipart.go:243.3,243.68 1 1
github.com/slipros/roamer/decoder/multipart.go:243.68,246.4 1 0
github.com/slipros/roamer/decoder/multipart.go:247.10,248.63 1 6
github.com/slipros/roamer/decoder/multipart.go:248.63,250.4 1 4
github.com/slipros/roamer/decoder/multipart.go:252.3,253.17 2 2
github.com/slipros/roamer/decoder/multipart.go:253.17,255.4 1 0
github.com/slipros/roamer/decoder/multipart.go:257.3,258.43 2 2
github.com/slipros/roamer/decoder/multipart.go:258.43,260.4 1 0
github.com/slipros/roamer/decoder/multipart.go:262.3,268.68 2 2
github.com/slipros/roamer/decoder/multipart.go:268.68,271.4 1 0
github.com/slipros/roamer/decoder/multipart.go:274.2,274.12 1 3
github.com/slipros/roamer/decoder/multipart.go:287.90,289.9 2 10
github.com/slipros/roamer/decoder/multipart.go:289.9,291.3 1 7
github.com/slipros/roamer/decoder/multipart.go:293.2,293.22 1 3
github.com/slipros/roamer/decoder/multipart.go:293.22,295.3 1 3
github.com/slipros/roamer/decoder/multipart.go:297.2,297.21 1 0
github.com/slipros/roamer/decoder/multipart.go:309.80,310.54 1 3
github.com/slipros/roamer/decoder/multipart.go:310.54,314.3 2 1
github.com/slipros/roamer/decoder/multipart.go:316.2,319.39 3 3
github.com/slipros/roamer/decoder/multipart.go:319.39,323.3 2 1
github.com/slipros/roamer/decoder/multipart.go:325.2,325.85 1 2
github.com/slipros/roamer/decoder/multipart.go:325.85,330.3 2 2
github.com/slipros/roamer/decoder/multipart.go:332.2,332.44 1 0
github.com/slipros/roamer/decoder/multipart_file.go:41.46,43.2 1 1
github.com/slipros/roamer/decoder/multipart_file.go:47.40,49.2 1 4
github.com/slipros/roamer/decoder/multipart_file.go:54.55,56.16 2 0
github.com/slipros/roamer/decoder/multipart_file.go:56.16,58.3 1 0
github.com/slipros/roamer/decoder/multipart_file.go:60.2,63.16 3 0
github.com/slipros/roamer/decoder/multipart_file.go:85.40,86.20 1 3
github.com/slipros/roamer/decoder/multipart_file.go:86.20,89.40 2 5
github.com/slipros/roamer/decoder/multipart_file.go:89.40,94.4 1 1
github.com/slipros/roamer/decoder/multipart_file.go:97.2,97.12 1 2
github.com/slipros/roamer/decoder/options.go:30.71,31.19 1 4
github.com/slipros/roamer/decoder/options.go:31.19,33.3 1 4
github.com/slipros/roamer/decoder/options.go:45.60,46.19 1 2
github.com/slipros/roamer/decoder/options.go:46.19,48.3 1 2
github.com/slipros/roamer/decoder/xml.go:46.42,51.27 2 6
github.com/slipros/roamer/decoder/xml.go:51.27,53.3 1 1
github.com/slipros/roamer/decoder/xml.go:55.2,55.11 1 6
github.com/slipros/roamer/decoder/xml.go:67.54,68.59 1 3
github.com/slipros/roamer/decoder/xml.go:68.59,69.30 1 2
github.com/slipros/roamer/decoder/xml.go:69.30,71.4 1 2
github.com/slipros/roamer/decoder/xml.go:74.2,74.12 1 1
github.com/slipros/roamer/decoder/xml.go:80.36,82.2 1 2
github.com/slipros/roamer/decoder/xml.go:86.28,88.2 1 1
github.com/slipros/roamer/decoder/xml.go:92.50,94.2 1 1
github.com/slipros/roamer/formatter/formatter.go:33.56,34.67 1 121
github.com/slipros/roamer/formatter/formatter.go:34.67,36.3 1 67
github.com/slipros/roamer/formatter/formatter.go:38.2,38.20 1 54
github.com/slipros/roamer/formatter/formatter.go:42.38,44.2 1 23
github.com/slipros/roamer/formatter/numeric.go:35.54,40.49 2 5
github.com/slipros/roamer/formatter/numeric.go:40.49,42.3 1 30
github.com/slipros/roamer/formatter/numeric.go:44.2,44.27 1 5
github.com/slipros/roamer/formatter/numeric.go:44.27,46.3 1 3
github.com/slipros/roamer/formatter/numeric.go:48.2,48.10 1 5
github.com/slipros/roamer/formatter/numeric.go:52.32,54.2 1 1
github.com/slipros/roamer/formatter/numeric.go:57.64,59.9 2 31
github.com/slipros/roamer/formatter/numeric.go:59.9,61.3 1 1
github.com/slipros/roamer/formatter/numeric.go:63.2,63.57 1 30
github.com/slipros/roamer/formatter/numeric.go:63.57,67.10 3 36
github.com/slipros/roamer/formatter/numeric.go:67.10,69.4 1 1
github.com/slipros/roamer/formatter/numeric.go:71.3,71.45 1 35
github.com/slipros/roamer/formatter/numeric.go:71.45,73.4 1 3
github.com/slipros/roamer/formatter/numeric.go:76.2,76.12 1 26
github.com/slipros/roamer/formatter/numeric.go:80.67,81.39 1 4
github.com/slipros/roamer/formatter/numeric.go:81.39,83.3 1 11
github.com/slipros/roamer/formatter/numeric.go:86.42,88.2 1 12
github.com/slipros/roamer/formatter/numeric.go:90.42,92.2 1 11
github.com/slipros/roamer/formatter/numeric.go:94.57,96.11 2 23
github.com/slipros/roamer/formatter/numeric.go:96.11,98.3 1 12
github.com/slipros/roamer/formatter/numeric.go:100.2,100.25 1 23
github.com/slipros/roamer/formatter/numeric.go:101.12,103.17 2 12
github.com/slipros/roamer/formatter/numeric.go:103.17,105.4 1 2
github.com/slipros/roamer/formatter/numeric.go:106.3,106.46 1 10
github.com/slipros/roamer/formatter/numeric.go:106.46,108.4 1 4
github.com/slipros/roamer/formatter/numeric.go:109.13,111.17 2 0
github.com/slipros/roamer/formatter/numeric.go:111.17,113.4 1 0
github.com/slipros/roamer/formatter/numeric.go:114.3,114.58 1 0
github.com/slipros/roamer/formatter/numeric.go:114.58,116.4 1 0
github.com/slipros/roamer/formatter/numeric.go:117.14,119.17 2 0
github.com/slipros/roamer/formatter/numeric.go:119.17,121.4 1 0
github.com/slipros/roamer/formatter/numeric.go:122.3,122.60 1 0
github.com/slipros/roamer/formatter/numeric.go:122.60,124.4 1 0
github.com/slipros/roamer/formatter/numeric.go:125.14,127.17 2 0
github.com/slipros/roamer/formatter/numeric.go:127.17,129.4 1 0
github.com/slipros/roamer/formatter/numeric.go:130.3,130.60 1 0
github.com/slipros/roamer/formatter/numeric.go:130.60,132.4 1 0
github.com/slipros/roamer/formatter/numeric.go:133.14,135.17 2 0
github.com/slipros/roamer/formatter/numeric.go:135.17,137.4 1 0
github.com/slipros/roamer/formatter/numeric.go:138.3,138.46 1 0
github.com/slipros/roamer/formatter/numeric.go:138.46,140.4 1 0
github.com/slipros/roamer/formatter/numeric.go:141.16,143.17 2 0
github.com/slipros/roamer/formatter/numeric.go:143.17,145.4 1 0
github.com/slipros/roamer/formatter/numeric.go:146.3,146.64 1 0
github.com/slipros/roamer/formatter/numeric.go:146.64,148.4 1 0
github.com/slipros/roamer/formatter/numeric.go:149.16,151.17 2 10
github.com/slipros/roamer/formatter/numeric.go:151.17,153.4 1 0
github.com/slipros/roamer/formatter/numeric.go:154.3,154.46 1 10
github.com/slipros/roamer/formatter/numeric.go:154.46,156.4 1 4
github.com/slipros/roamer/formatter/numeric.go:157.10,158.77 1 1
github.com/slipros/roamer/formatter/numeric.go:161.2,161.12 1 20
github.com/slipros/roamer/formatter/numeric.go:164.30,165.25 1 4
github.com/slipros/roamer/formatter/numeric.go:166.12,167.13 1 2
github.com/slipros/roamer/formatter/numeric.go:167.13,169.4 1 1
github.com/slipros/roamer/formatter/numeric.go:170.13,171.13 1 0
github.com/slipros/roamer/formatter/numeric.go:171.13,173.4 1 0
github.com/slipros/roamer/formatter/numeric.go:174.14,175.13 1 0
github.com/slipros/roamer/formatter/numeric.go:175.13,177.4 1 0
github.com/slipros/roamer/formatter/numeric.go:178.14,179.13 1 0
github.com/slipros/roamer/formatter/numeric.go:179.13,181.4 1 0
github.com/slipros/roamer/formatter/numeric.go:182.14,183.13 1 0
github.com/slipros/roamer/formatter/numeric.go:183.13,185.4 1 0
github.com/slipros/roamer/formatter/numeric.go:186.16,187.38 1 0
github.com/slipros/roamer/formatter/numeric.go:188.16,189.20 1 2
github.com/slipros/roamer/formatter/numeric.go:190.10,191.70 1 0
github.com/slipros/roamer/formatter/numeric.go:194.2,194.12 1 4
github.com/slipros/roamer/formatter/numeric.go:197.32,199.2 1 3
github.com/slipros/roamer/formatter/numeric.go:201.31,203.2 1 2
github.com/slipros/roamer/formatter/numeric.go:205.32,207.2 1 2
github.com/slipros/roamer/formatter/numeric.go:209.77,210.25 1 7
github.com/slipros/roamer/formatter/numeric.go:211.16,212.32 1 0
github.com/slipros/roamer/formatter/numeric.go:213.16,214.14 1 7
github.com/slipros/roamer/formatter/numeric.go:215.10,216.77 1 0
github.com/slipros/roamer/formatter/numeric.go:218.2,218.12 1 7
github.com/slipros/roamer/formatter/options.go:8.88,9.25 1 2
github.com/slipros/roamer/formatter/options.go:9.25,11.3 1 2
github.com/slipros/roamer/formatter/options.go:15.76,16.25 1 2
github.com/slipros/roamer/formatter/options.go:16.25,17.43 1 2
github.com/slipros/roamer/formatter/options.go:17.43,19.4 1 3
github.com/slipros/roamer/formatter/options.go:27.91,28.26 1 2
github.com/slipros/roamer/formatter/options.go:28.26,30.3 1 2
github.com/slipros/roamer/formatter/options.go:34.77,35.26 1 1
github.com/slipros/roamer/formatter/options.go:35.26,36.43 1 1
github.com/slipros/roamer/formatter/options.go:36.43,38.4 1 2
github.com/slipros/roamer/formatter/options.go:46.85,47.24 1 2
github.com/slipros/roamer/formatter/options.go:47.24,49.3 1 2
github.com/slipros/roamer/formatter/options.go:53.71,54.24 1 1
github.com/slipros/roamer/formatter/options.go:54.24,55.43 1 1
github.com/slipros/roamer/formatter/options.go:55.43,57.4 1 2
github.com/slipros/roamer/formatter/options.go:65.82,66.23 1 2
github.com/slipros/roamer/formatter/options.go:66.23,68.3 1 2
github.com/slipros/roamer/formatter/options.go:72.68,73.23 1 1
github.com/slipros/roamer/formatter/options.go:73.23,74.43 1 1
github.com/slipros/roamer/formatter/options.go:74.43,76.4 1 2
github.com/slipros/roamer/formatter/slice.go:15.57,15.91 1 3
github.com/slipros/roamer/formatter/slice.go:16.57,16.90 1 2
github.com/slipros/roamer/formatter/slice.go:33.48,38.47 2 5
github.com/slipros/roamer/formatter/slice.go:38.47,40.3 1 25
github.com/slipros/roamer/formatter/slice.go:42.2,42.27 1 5
github.com/slipros/roamer/formatter/slice.go:42.27,44.3 1 3
github.com/slipros/roamer/formatter/slice.go:46.2,46.10 1 5
github.com/slipros/roamer/formatter/slice.go:50.30,52.2 1 1
github.com/slipros/roamer/formatter/slice.go:55.62,57.9 2 18
github.com/slipros/roamer/formatter/slice.go:57.9,59.3 1 0
github.com/slipros/roamer/formatter/slice.go:61.2,61.49 1 18
github.com/slipros/roamer/formatter/slice.go:65.84,67.9 2 0
github.com/slipros/roamer/formatter/slice.go:67.9,69.3 1 0
github.com/slipros/roamer/formatter/slice.go:71.2,71.32 1 0
github.com/slipros/roamer/formatter/slice.go:74.66,75.69 1 18
github.com/slipros/roamer/formatter/slice.go:75.69,77.3 1 2
github.com/slipros/roamer/formatter/slice.go:79.2,79.57 1 16
github.com/slipros/roamer/formatter/slice.go:79.57,83.10 3 17
github.com/slipros/roamer/formatter/slice.go:83.10,85.4 1 1
github.com/slipros/roamer/formatter/slice.go:87.3,87.52 1 16
github.com/slipros/roamer/formatter/slice.go:87.52,89.4 1 1
github.com/slipros/roamer/formatter/slice.go:92.2,92.12 1 14
github.com/slipros/roamer/formatter/slice.go:96.75,97.51 1 2
github.com/slipros/roamer/formatter/slice.go:97.51,99.3 1 7
github.com/slipros/roamer/formatter/slice.go:102.45,103.22 1 5
github.com/slipros/roamer/formatter/slice.go:103.22,105.3 1 1
github.com/slipros/roamer/formatter/slice.go:107.2,110.35 3 4
github.com/slipros/roamer/formatter/slice.go:110.35,112.31 2 18
github.com/slipros/roamer/formatter/slice.go:112.31,115.4 2 12
github.com/slipros/roamer/formatter/slice.go:118.2,119.12 2 4
github.com/slipros/roamer/formatter/slice.go:122.54,123.36 1 5
github.com/slipros/roamer/formatter/slice.go:124.19,125.60 1 2
github.com/slipros/roamer/formatter/slice.go:126.22,127.66 1 3
github.com/slipros/roamer/formatter/slice.go:128.23,129.68 1 0
github.com/slipros/roamer/formatter/slice.go:130.10,131.80 1 0
github.com/slipros/roamer/formatter/slice.go:133.2,133.12 1 5
github.com/slipros/roamer/formatter/slice.go:136.45,137.10 1 5
github.com/slipros/roamer/formatter/slice.go:137.10,140.3 2 2
github.com/slipros/roamer/formatter/slice.go:141.2,141.14 1 3
github.com/slipros/roamer/formatter/slice.go:144.46,145.22 1 2
github.com/slipros/roamer/formatter/slice.go:145.22,147.3 1 0
github.com/slipros/roamer/formatter/slice.go:149.2,151.35 2 2
github.com/slipros/roamer/formatter/slice.go:151.35,153.21 2 10
github.com/slipros/roamer/formatter/slice.go:153.21,155.4 1 6
github.com/slipros/roamer/formatter/slice.go:158.2,159.12 2 2
github.com/slipros/roamer/formatter/slice.go:162.56,164.16 2 3
github.com/slipros/roamer/formatter/slice.go:164.16,166.3 1 1
github.com/slipros/roamer/formatter/slice.go:168.2,168.15 1 2
github.com/slipros/roamer/formatter/slice.go:168.15,170.3 1 0
github.com/slipros/roamer/formatter/slice.go:172.2,172.25 1 2
github.com/slipros/roamer/formatter/slice.go:172.25,174.3 1 1
github.com/slipros/roamer/formatter/slice.go:176.2,176.12 1 2
github.com/slipros/roamer/formatter/string.go:76.51,82.48 2 10
github.com/slipros/roamer/formatter/string.go:82.48,84.3 1 200
github.com/slipros/roamer/formatter/string.go:86.2,86.27 1 10
github.com/slipros/roamer/formatter/string.go:86.27,88.3 1 4
github.com/slipros/roamer/formatter/string.go:90.2,90.11 1 10
github.com/slipros/roamer/formatter/string.go:109.63,111.9 2 57
github.com/slipros/roamer/formatter/string.go:111.9,113.3 1 2
github.com/slipros/roamer/formatter/string.go:115.2,116.9 2 55
github.com/slipros/roamer/formatter/string.go:116.9,118.3 1 2
github.com/slipros/roamer/formatter/string.go:120.2,122.57 2 53
github.com/slipros/roamer/formatter/string.go:122.57,126.10 3 56
github.com/slipros/roamer/formatter/string.go:126.10,128.4 1 2
github.com/slipros/roamer/formatter/string.go:130.3,132.17 3 54
github.com/slipros/roamer/formatter/string.go:132.17,134.4 1 16
github.com/slipros/roamer/formatter/string.go:137.2,139.12 2 35
github.com/slipros/roamer/formatter/string.go:144.31,146.2 1 1
github.com/slipros/roamer/formatter/string.go:149.65,150.50 1 14
github.com/slipros/roamer/formatter/string.go:150.50,152.3 1 20
github.com/slipros/roamer/formatter/string.go:156.55,157.15 1 2
github.com/slipros/roamer/formatter/string.go:157.15,159.3 1 1
github.com/slipros/roamer/formatter/string.go:160.2,160.40 1 1
github.com/slipros/roamer/formatter/string.go:164.55,165.15 1 2
github.com/slipros/roamer/formatter/string.go:165.15,167.3 1 1
github.com/slipros/roamer/formatter/string.go:168.2,168.40 1 1
github.com/slipros/roamer/formatter/string.go:172.53,173.15 1 6
github.com/slipros/roamer/formatter/string.go:173.15,175.3 1 1
github.com/slipros/roamer/formatter/string.go:177.2,178.16 2 5
github.com/slipros/roamer/formatter/string.go:178.16,180.3 1 1
github.com/slipros/roamer/formatter/string.go:182.2,182.16 1 4
github.com/slipros/roamer/formatter/string.go:182.16,184.3 1 1
github.com/slipros/roamer/formatter/string.go:186.2,186.21 1 3
github.com/slipros/roamer/formatter/string.go:186.21,188.3 1 2
github.com/slipros/roamer/formatter/string.go:190.2,190.15 1 1
github.com/slipros/roamer/formatter/string.go:194.52,196.36 2 4
github.com/slipros/roamer/formatter/string.go:196.36,198.3 1 1
github.com/slipros/roamer/formatter/string.go:200.2,203.20 3 3
github.com/slipros/roamer/formatter/string.go:203.20,206.17 3 2
github.com/slipros/roamer/formatter/string.go:206.17,208.4 1 1
github.com/slipros/roamer/formatter/string.go:211.2,211.53 1 2
github.com/slipros/roamer/formatter/string.go:215.54,217.37 2 9
github.com/slipros/roamer/formatter/string.go:217.37,219.3 1 1
github.com/slipros/roamer/formatter/string.go:221.2,222.16 2 8
github.com/slipros/roamer/formatter/string.go:222.16,224.3 1 1
github.com/slipros/roamer/formatter/string.go:226.2,227.20 2 7
github.com/slipros/roamer/formatter/string.go:227.20,228.20 1 5
github.com/slipros/roamer/formatter/string.go:228.20,230.4 1 1
github.com/slipros/roamer/formatter/string.go:231.3,232.17 2 4
github.com/slipros/roamer/formatter/string.go:232.17,234.4 1 1
github.com/slipros/roamer/formatter/string.go:238.2,238.33 1 5
github.com/slipros/roamer/formatter/string.go:238.33,240.3 1 1
github.com/slipros/roamer/formatter/string.go:242.2,242.17 1 4
github.com/slipros/roamer/formatter/string.go:242.17,244.3 1 1
github.com/slipros/roamer/formatter/string.go:246.2,246.18 1 3
github.com/slipros/roamer/formatter/string.go:246.18,248.3 1 1
github.com/slipros/roamer/formatter/string.go:250.2,250.26 1 3
github.com/slipros/roamer/formatter/string.go:254.52,256.2 1 5
github.com/slipros/roamer/formatter/string.go:259.53,261.2 1 5
github.com/slipros/roamer/formatter/string.go:263.59,265.37 2 10
github.com/slipros/roamer/formatter/string.go:265.37,267.3 1 2
github.com/slipros/roamer/formatter/string.go:269.2,270.16 2 8
github.com/slipros/roamer/formatter/string.go:270.16,272.3 1 2
github.com/slipros/roamer/formatter/string.go:274.2,275.40 2 6
github.com/slipros/roamer/formatter/string.go:275.40,277.3 1 4
github.com/slipros/roamer/formatter/string.go:279.2,280.25 2 6
github.com/slipros/roamer/formatter/string.go:280.25,282.3 1 2
github.com/slipros/roamer/formatter/string.go:284.2,285.10 2 4
github.com/slipros/roamer/formatter/string.go:285.10,287.3 1 2
github.com/slipros/roamer/formatter/string.go:288.2,288.25 1 2
github.com/slipros/roamer/formatter/string.go:291.31,294.22 3 1
github.com/slipros/roamer/formatter/string.go:294.22,295.10 1 11
github.com/slipros/roamer/formatter/string.go:296.27,298.18 2 1
github.com/slipros/roamer/formatter/string.go:299.16,301.19 2 2
github.com/slipros/roamer/formatter/string.go:302.11,303.40 1 8
github.com/slipros/roamer/formatter/string.go:306.2,306.24 1 1
github.com/slipros/roamer/formatter/string.go:309.31,311.22 2 1
github.com/slipros/roamer/formatter/string.go:311.22,312.25 1 10
github.com/slipros/roamer/formatter/string.go:312.25,313.13 1 1
github.com/slipros/roamer/formatter/string.go:313.13,315.5 1 1
github.com/slipros/roamer/formatter/string.go:316.4,317.12 2 1
github.com/slipros/roamer/formatter/string.go:319.3,319.22 1 9
github.com/slipros/roamer/formatter/string.go:321.2,321.24 1 1
github.com/slipros/roamer/formatter/string.go:324.31,327.22 3 1
github.com/slipros/roamer/formatter/string.go:327.22,328.10 1 11
github.com/slipros/roamer/formatter/string.go:329.17,330.16 1 1
github.com/slipros/roamer/formatter/string.go:331.14,333.17 2 2
github.com/slipros/roamer/formatter/string.go:334.11,335.23 1 8
github.com/slipros/roamer/formatter/string.go:338.2,338.24 1 1
github.com/slipros/roamer/formatter/string.go:341.31,343.22 2 1
github.com/slipros/roamer/formatter/string.go:343.22,344.25 1 10
github.com/slipros/roamer/formatter/string.go:344.25,345.13 1 1
github.com/slipros/roamer/formatter/string.go:345.13,347.5 1 1
github.com/slipros/roamer/formatter/string.go:348.4,349.12 2 1
github.com/slipros/roamer/formatter/string.go:351.3,351.22 1 9
github.com/slipros/roamer/formatter/string.go:353.2,353.24 1 1
github.com/slipros/roamer/formatter/string.go:356.36,358.2 1 1
github.com/slipros/roamer/formatter/string.go:360.36,362.16 2 2
github.com/slipros/roamer/formatter/string.go:362.16,364.3 1 1
github.com/slipros/roamer/formatter/string.go:365.2,365.24 1 1
github.com/slipros/roamer/formatter/string.go:368.33,370.2 1 1
github.com/slipros/roamer/formatter/string.go:372.33,374.16 2 2
github.com/slipros/roamer/formatter/string.go:374.16,376.3 1 1
github.com/slipros/roamer/formatter/string.go:377.2,377.16 1 1
github.com/slipros/roamer/formatter/string.go:380.36,383.2 1 1
github.com/slipros/roamer/formatter/string.go:385.31,387.54 2 1
github.com/slipros/roamer/formatter/string.go:387.54,389.3 1 2
github.com/slipros/roamer/formatter/string.go:390.2,390.22 1 1
github.com/slipros/roamer/formatter/time.go:38.45,43.46 2 5
github.com/slipros/roamer/formatter/time.go:43.46,45.3 1 20
github.com/slipros/roamer/formatter/time.go:47.2,47.27 1 5
github.com/slipros/roamer/formatter/time.go:47.27,49.3 1 3
github.com/slipros/roamer/formatter/time.go:51.2,51.10 1 5
github.com/slipros/roamer/formatter/time.go:55.29,57.2 1 1
github.com/slipros/roamer/formatter/time.go:60.61,62.9 2 12
github.com/slipros/roamer/formatter/time.go:62.9,64.3 1 0
github.com/slipros/roamer/formatter/time.go:66.2,67.9 2 12
github.com/slipros/roamer/formatter/time.go:67.9,69.3 1 1
github.com/slipros/roamer/formatter/time.go:71.2,71.57 1 11
github.com/slipros/roamer/formatter/time.go:71.57,75.10 3 12
github.com/slipros/roamer/formatter/time.go:75.10,77.4 1 1
github.com/slipros/roamer/formatter/time.go:79.3,79.43 1 11
github.com/slipros/roamer/formatter/time.go:79.43,81.4 1 2
github.com/slipros/roamer/formatter/time.go:84.2,84.12 1 8
github.com/slipros/roamer/formatter/time.go:88.66,89.44 1 2
github.com/slipros/roamer/formatter/time.go:89.44,91.3 1 2
github.com/slipros/roamer/formatter/time.go:94.52,96.16 2 4
github.com/slipros/roamer/formatter/time.go:96.16,98.3 1 1
github.com/slipros/roamer/formatter/time.go:99.2,100.12 2 3
github.com/slipros/roamer/formatter/time.go:103.52,105.16 2 4
github.com/slipros/roamer/formatter/time.go:105.16,107.3 1 1
github.com/slipros/roamer/formatter/time.go:108.2,109.12 2 3
github.com/slipros/roamer/formatter/time.go:112.42,115.2 2 1
github.com/slipros/roamer/formatter/time.go:117.40,121.2 3 1
github.com/slipros/roamer/formatter/time.go:123.55,124.13 1 4
github.com/slipros/roamer/formatter/time.go:125.14,126.24 1 2
github.com/slipros/roamer/formatter/time.go:127.16,128.26 1 1
github.com/slipros/roamer/formatter/time.go:129.16,130.26 1 0
github.com/slipros/roamer/formatter/time.go:131.10,134.17 2 1
github.com/slipros/roamer/formatter/time.go:134.17,136.4 1 1
github.com/slipros/roamer/formatter/time.go:138.3,138.16 1 0
github.com/slipros/roamer/context.go:44.70,45.16 1 7
github.com/slipros/roamer/context.go:45.16,47.3 1 0
github.com/slipros/roamer/context.go:49.2,49.62 1 7
github.com/slipros/roamer/context.go:49.62,51.3 1 3
github.com/slipros/roamer/context.go:53.2,54.9 2 4
github.com/slipros/roamer/context.go:54.9,56.3 1 0
github.com/slipros/roamer/context.go:58.2,59.12 2 4
github.com/slipros/roamer/context.go:64.75,66.2 1 4
github.com/slipros/roamer/context.go:70.78,72.2 1 3
github.com/slipros/roamer/decoder.go:42.36,44.23 2 22
github.com/slipros/roamer/decoder.go:44.23,46.3 1 11
github.com/slipros/roamer/decoder.go:48.2,48.13 1 22
github.com/slipros/roamer/errors.go:21.56,24.2 2 2
github.com/slipros/roamer/errors.go:37.72,40.2 2 2
github.com/slipros/roamer/middleware.go:31.77,32.46 1 4
github.com/slipros/roamer/middleware.go:32.46,33.72 1 4
github.com/slipros/roamer/middleware.go:33.72,34.21 1 4
github.com/slipros/roamer/middleware.go:34.21,37.5 2 1
github.com/slipros/roamer/middleware.go:39.4,40.46 2 3
github.com/slipros/roamer/middleware.go:40.46,44.5 3 1
github.com/slipros/roamer/middleware.go:46.4,47.49 2 2
github.com/slipros/roamer/middleware.go:81.82,82.46 1 3
github.com/slipros/roamer/middleware.go:82.46,83.72 1 3
github.com/slipros/roamer/middleware.go:83.72,84.21 1 3
github.com/slipros/roamer/middleware.go:84.21,87.5 2 1
github.com/slipros/roamer/middleware.go:89.4,90.46 2 2
github.com/slipros/roamer/middleware.go:90.46,94.5 3 1
github.com/slipros/roamer/middleware.go:96.4,97.49 2 1
github.com/slipros/roamer/options.go:20.49,21.25 1 10
github.com/slipros/roamer/options.go:21.25,22.29 1 10
github.com/slipros/roamer/options.go:22.29,24.4 1 14
github.com/slipros/roamer/options.go:40.52,41.25 1 9
github.com/slipros/roamer/options.go:41.25,42.30 1 9
github.com/slipros/roamer/options.go:42.30,44.4 1 11
github.com/slipros/roamer/options.go:63.58,64.25 1 2
github.com/slipros/roamer/options.go:64.25,65.32 1 2
github.com/slipros/roamer/options.go:65.32,67.4 1 5
github.com/slipros/roamer/options.go:80.44,81.25 1 2
github.com/slipros/roamer/options.go:81.25,83.3 1 2
github.com/slipros/roamer/roamer.go:69.45,76.20 1 22
github.com/slipros/roamer/roamer.go:76.20,79.5 2 10
github.com/slipros/roamer/roamer.go:83.2,83.27 1 22
github.com/slipros/roamer/roamer.go:83.27,85.3 1 23
github.com/slipros/roamer/roamer.go:87.2,93.35 6 22
github.com/slipros/roamer/roamer.go:93.35,94.46 1 5
github.com/slipros/roamer/roamer.go:94.46,97.12 2 4
github.com/slipros/roamer/roamer.go:100.3,100.63 1 1
github.com/slipros/roamer/roamer.go:103.2,110.31 2 22
github.com/slipros/roamer/roamer.go:110.31,111.45 1 11
github.com/slipros/roamer/roamer.go:111.45,113.4 1 0
github.com/slipros/roamer/roamer.go:116.2,116.11 1 22
github.com/slipros/roamer/roamer.go:135.58,136.16 1 28
github.com/slipros/roamer/roamer.go:136.16,138.3 1 0
github.com/slipros/roamer/roamer.go:140.2,140.16 1 28
github.com/slipros/roamer/roamer.go:140.16,142.3 1 1
github.com/slipros/roamer/roamer.go:144.2,145.33 2 27
github.com/slipros/roamer/roamer.go:145.33,147.3 1 1
github.com/slipros/roamer/roamer.go:149.2,149.25 1 26
github.com/slipros/roamer/roamer.go:150.22,151.49 1 21
github.com/slipros/roamer/roamer.go:151.49,153.4 1 2
github.com/slipros/roamer/roamer.go:154.49,155.47 1 4
github.com/slipros/roamer/roamer.go:155.47,157.4 1 1
github.com/slipros/roamer/roamer.go:158.10,159.54 1 1
github.com/slipros/roamer/roamer.go:162.2,162.36 1 22
github.com/slipros/roamer/roamer.go:162.36,164.3 1 2
github.com/slipros/roamer/roamer.go:166.2,166.12 1 20
github.com/slipros/roamer/roamer.go:172.64,173.46 1 21
github.com/slipros/roamer/roamer.go:173.46,175.3 1 1
github.com/slipros/roamer/roamer.go:177.2,177.39 1 20
github.com/slipros/roamer/roamer.go:177.39,179.3 1 4
github.com/slipros/roamer/roamer.go:181.2,185.15 4 16
github.com/slipros/roamer/roamer.go:185.15,188.3 2 16
github.com/slipros/roamer/roamer.go:190.2,192.24 2 16
github.com/slipros/roamer/roamer.go:192.24,197.43 3 97
github.com/slipros/roamer/roamer.go:197.43,198.48 1 14
github.com/slipros/roamer/roamer.go:198.48,199.60 1 0
github.com/slipros/roamer/roamer.go:199.60,201.6 1 0
github.com/slipros/roamer/roamer.go:204.4,204.12 1 14
github.com/slipros/roamer/roamer.go:207.3,208.19 2 83
github.com/slipros/roamer/roamer.go:208.19,209.41 1 83
github.com/slipros/roamer/roamer.go:209.41,211.12 2 69
github.com/slipros/roamer/roamer.go:211.12,212.14 1 0
github.com/slipros/roamer/roamer.go:215.5,216.12 2 69
github.com/slipros/roamer/roamer.go:216.12,217.14 1 39
github.com/slipros/roamer/roamer.go:220.5,220.62 1 30
github.com/slipros/roamer/roamer.go:220.62,223.6 1 0
github.com/slipros/roamer/roamer.go:225.5,227.10 2 30
github.com/slipros/roamer/roamer.go:231.3,231.65 1 83
github.com/slipros/roamer/roamer.go:231.65,232.64 1 28
github.com/slipros/roamer/roamer.go:232.64,234.5 1 1
github.com/slipros/roamer/roamer.go:237.3,237.47 1 82
github.com/slipros/roamer/roamer.go:237.47,238.59 1 1
github.com/slipros/roamer/roamer.go:238.59,240.5 1 0
github.com/slipros/roamer/roamer.go:244.2,244.12 1 15
github.com/slipros/roamer/roamer.go:247.86,248.52 1 1
github.com/slipros/roamer/roamer.go:248.52,250.10 2 0
github.com/slipros/roamer/roamer.go:250.10,251.12 1 0
github.com/slipros/roamer/roamer.go:254.3,254.81 1 0
github.com/slipros/roamer/roamer.go:254.81,256.4 1 0
github.com/slipros/roamer/roamer.go:259.2,260.9 2 1
github.com/slipros/roamer/roamer.go:260.9,262.3 1 0
github.com/slipros/roamer/roamer.go:264.2,264.40 1 1
github.com/slipros/roamer/roamer.go:264.40,266.10 2 1
github.com/slipros/roamer/roamer.go:266.10,267.12 1 0
github.com/slipros/roamer/roamer.go:270.3,270.62 1 1
github.com/slipros/roamer/roamer.go:270.62,272.4 1 0
github.com/slipros/roamer/roamer.go:275.2,275.12 1 1
github.com/slipros/roamer/roamer.go:280.62,281.78 1 25
github.com/slipros/roamer/roamer.go:281.78,283.3 1 13
github.com/slipros/roamer/roamer.go:285.2,286.59 2 12
github.com/slipros/roamer/roamer.go:286.59,288.3 1 0
github.com/slipros/roamer/roamer.go:290.2,291.9 2 12
github.com/slipros/roamer/roamer.go:291.9,293.3 1 1
github.com/slipros/roamer/roamer.go:295.2,295.43 1 11
github.com/slipros/roamer/roamer.go:295.43,299.3 1 2
github.com/slipros/roamer/roamer.go:301.2,301.12 1 9
github.com/slipros/roamer/mockroamer/AfterParser.go:20.55,22.2 1 0
github.com/slipros/roamer/mockroamer/AfterParser.go:25.58,28.19 2 0
github.com/slipros/roamer/mockroamer/AfterParser.go:28.19,29.52 1 0
github.com/slipros/roamer/mockroamer/AfterParser.go:32.2,33.58 2 0
github.com/slipros/roamer/mockroamer/AfterParser.go:33.58,35.3 1 0
github.com/slipros/roamer/mockroamer/AfterParser.go:35.8,37.3 1 0
github.com/slipros/roamer/mockroamer/AfterParser.go:39.2,39.11 1 0
github.com/slipros/roamer/mockroamer/AfterParser.go:49.88,51.2 1 0
github.com/slipros/roamer/mockroamer/AfterParser.go:53.100,54.40 1 0
github.com/slipros/roamer/mockroamer/AfterParser.go:54.40,56.3 1 0
github.com/slipros/roamer/mockroamer/AfterParser.go:57.2,57.11 1 0
github.com/slipros/roamer/mockroamer/AfterParser.go:60.87,63.2 2 0
github.com/slipros/roamer/mockroamer/AfterParser.go:65.113,68.2 2 0
github.com/slipros/roamer/mockroamer/AfterParser.go:75.17,79.19 3 0
github.com/slipros/roamer/mockroamer/AfterParser.go:79.19,79.49 1 0
github.com/slipros/roamer/mockroamer/AfterParser.go:81.2,81.13 1 0
github.com/slipros/roamer/mockroamer/Decoder.go:20.47,22.2 1 0
github.com/slipros/roamer/mockroamer/Decoder.go:25.41,28.19 2 0
github.com/slipros/roamer/mockroamer/Decoder.go:28.19,29.53 1 0
github.com/slipros/roamer/mockroamer/Decoder.go:32.2,33.46 2 0
github.com/slipros/roamer/mockroamer/Decoder.go:33.46,35.3 1 0
github.com/slipros/roamer/mockroamer/Decoder.go:35.8,37.3 1 0
github.com/slipros/roamer/mockroamer/Decoder.go:39.2,39.11 1 0
github.com/slipros/roamer/mockroamer/Decoder.go:48.69,50.2 1 0
github.com/slipros/roamer/mockroamer/Decoder.go:52.79,53.40 1 0
github.com/slipros/roamer/mockroamer/Decoder.go:53.40,55.3 1 0
github.com/slipros/roamer/mockroamer/Decoder.go:56.2,56.11 1 0
github.com/slipros/roamer/mockroamer/Decoder.go:59.82,62.2 2 0
github.com/slipros/roamer/mockroamer/Decoder.go:64.95,67.2 2 0
github.com/slipros/roamer/mockroamer/Decoder.go:70.67,73.19 2 0
github.com/slipros/roamer/mockroamer/Decoder.go:73.19,74.48 1 0
github.com/slipros/roamer/mockroamer/Decoder.go:77.2,78.71 2 0
github.com/slipros/roamer/mockroamer/Decoder.go:78.71,80.3 1 0
github.com/slipros/roamer/mockroamer/Decoder.go:80.8,82.3 1 0
github.com/slipros/roamer/mockroamer/Decoder.go:84.2,84.11 1 0
github.com/slipros/roamer/mockroamer/Decoder.go:95.89,97.2 1 0
github.com/slipros/roamer/mockroamer/Decoder.go:99.101,100.40 1 0
github.com/slipros/roamer/mockroamer/Decoder.go:100.40,102.3 1 0
github.com/slipros/roamer/mockroamer/Decoder.go:103.2,103.11 1 0
github.com/slipros/roamer/mockroamer/Decoder.go:106.71,109.2 2 0
github.com/slipros/roamer/mockroamer/Decoder.go:111.110,114.2 2 0
github.com/slipros/roamer/mockroamer/Decoder.go:117.33,120.19 2 0
github.com/slipros/roamer/mockroamer/Decoder.go:120.19,121.45 1 0
github.com/slipros/roamer/mockroamer/Decoder.go:124.2,125.46 2 0
github.com/slipros/roamer/mockroamer/Decoder.go:125.46,127.3 1 0
github.com/slipros/roamer/mockroamer/Decoder.go:127.8,129.3 1 0
github.com/slipros/roamer/mockroamer/Decoder.go:131.2,131.11 1 0
github.com/slipros/roamer/mockroamer/Decoder.go:140.53,142.2 1 0
github.com/slipros/roamer/mockroamer/Decoder.go:144.63,145.40 1 0
github.com/slipros/roamer/mockroamer/Decoder.go:145.40,147.3 1 0
github.com/slipros/roamer/mockroamer/Decoder.go:148.2,148.11 1 0
github.com/slipros/roamer/mockroamer/Decoder.go:151.66,154.2 2 0
github.com/slipros/roamer/mockroamer/Decoder.go:156.79,159.2 2 0
github.com/slipros/roamer/mockroamer/Decoder.go:166.13,170.19 3 0
github.com/slipros/roamer/mockroamer/Decoder.go:170.19,170.49 1 0
github.com/slipros/roamer/mockroamer/Decoder.go:172.2,172.13 1 0
github.com/slipros/roamer/mockroamer/Formatter.go:20.51,22.2 1 0
github.com/slipros/roamer/mockroamer/Formatter.go:25.75,28.19 2 0
github.com/slipros/roamer/mockroamer/Formatter.go:28.19,29.48 1 0
github.com/slipros/roamer/mockroamer/Formatter.go:32.2,33.75 2 0
github.com/slipros/roamer/mockroamer/Formatter.go:33.75,35.3 1 0
github.com/slipros/roamer/mockroamer/Formatter.go:35.8,37.3 1 0
github.com/slipros/roamer/mockroamer/Formatter.go:39.2,39.11 1 0
github.com/slipros/roamer/mockroamer/Formatter.go:50.95,52.2 1 0
github.com/slipros/roamer/mockroamer/Formatter.go:54.111,55.40 1 0
github.com/slipros/roamer/mockroamer/Formatter.go:55.40,57.3 1 0
github.com/slipros/roamer/mockroamer/Formatter.go:58.2,58.11 1 0
github.com/slipros/roamer/mockroamer/Formatter.go:61.75,64.2 2 0
github.com/slipros/roamer/mockroamer/Formatter.go:66.118,69.2 2 0
github.com/slipros/roamer/mockroamer/Formatter.go:72.35,75.19 2 0
github.com/slipros/roamer/mockroamer/Formatter.go:75.19,76.45 1 0
github.com/slipros/roamer/mockroamer/Formatter.go:79.2,80.46 2 0
github.com/slipros/roamer/mockroamer/Formatter.go:80.46,82.3 1 0
github.com/slipros/roamer/mockroamer/Formatter.go:82.8,84.3 1 0
github.com/slipros/roamer/mockroamer/Formatter.go:86.2,86.11 1 0
github.com/slipros/roamer/mockroamer/Formatter.go:95.57,97.2 1 0
github.com/slipros/roamer/mockroamer/Formatter.go:99.67,100.40 1 0
github.com/slipros/roamer/mockroamer/Formatter.go:100.40,102.3 1 0
github.com/slipros/roamer/mockroamer/Formatter.go:103.2,103.11 1 0
github.com/slipros/roamer/mockroamer/Formatter.go:106.70,109.2 2 0
github.com/slipros/roamer/mockroamer/Formatter.go:111.83,114.2 2 0
github.com/slipros/roamer/mockroamer/Formatter.go:121.15,125.19 3 0
github.com/slipros/roamer/mockroamer/Formatter.go:125.19,125.49 1 0
github.com/slipros/roamer/mockroamer/Formatter.go:127.2,127.13 1 0
github.com/slipros/roamer/mockroamer/Parser.go:21.45,23.2 1 0
github.com/slipros/roamer/mockroamer/Parser.go:26.115,29.19 2 0
github.com/slipros/roamer/mockroamer/Parser.go:29.19,30.47 1 0
github.com/slipros/roamer/mockroamer/Parser.go:33.2,35.115 3 0
github.com/slipros/roamer/mockroamer/Parser.go:35.115,37.3 1 0
github.com/slipros/roamer/mockroamer/Parser.go:38.2,38.107 1 0
github.com/slipros/roamer/mockroamer/Parser.go:38.107,40.3 1 0
github.com/slipros/roamer/mockroamer/Parser.go:40.8,41.24 1 0
github.com/slipros/roamer/mockroamer/Parser.go:41.24,43.4 1 0
github.com/slipros/roamer/mockroamer/Parser.go:46.2,46.100 1 0
github.com/slipros/roamer/mockroamer/Parser.go:46.100,48.3 1 0
github.com/slipros/roamer/mockroamer/Parser.go:48.8,50.3 1 0
github.com/slipros/roamer/mockroamer/Parser.go:52.2,52.15 1 0
github.com/slipros/roamer/mockroamer/Parser.go:64.104,66.2 1 0
github.com/slipros/roamer/mockroamer/Parser.go:68.133,69.40 1 0
github.com/slipros/roamer/mockroamer/Parser.go:69.40,71.3 1 0
github.com/slipros/roamer/mockroamer/Parser.go:72.2,72.11 1 0
github.com/slipros/roamer/mockroamer/Parser.go:75.83,78.2 2 0
github.com/slipros/roamer/mockroamer/Parser.go:80.150,83.2 2 0
github.com/slipros/roamer/mockroamer/Parser.go:86.32,89.19 2 0
github.com/slipros/roamer/mockroamer/Parser.go:89.19,90.45 1 0
github.com/slipros/roamer/mockroamer/Parser.go:93.2,94.46 2 0
github.com/slipros/roamer/mockroamer/Parser.go:94.46,96.3 1 0
github.com/slipros/roamer/mockroamer/Parser.go:96.8,98.3 1 0
github.com/slipros/roamer/mockroamer/Parser.go:100.2,100.11 1 0
github.com/slipros/roamer/mockroamer/Parser.go:109.51,111.2 1 0
github.com/slipros/roamer/mockroamer/Parser.go:113.61,114.40 1 0
github.com/slipros/roamer/mockroamer/Parser.go:114.40,116.3 1 0
github.com/slipros/roamer/mockroamer/Parser.go:117.2,117.11 1 0
github.com/slipros/roamer/mockroamer/Parser.go:120.64,123.2 2 0
github.com/slipros/roamer/mockroamer/Parser.go:125.77,128.2 2 0
github.com/slipros/roamer/mockroamer/Parser.go:135.12,139.19 3 0
github.com/slipros/roamer/mockroamer/Parser.go:139.19,139.49 1 0
github.com/slipros/roamer/mockroamer/Parser.go:141.2,141.13 1 0
github.com/slipros/roamer/mockroamer/ReflectValueFormatter.go:20.75,22.2 1 0
github.com/slipros/roamer/mockroamer/ReflectValueFormatter.go:25.101,28.19 2 0
github.com/slipros/roamer/mockroamer/ReflectValueFormatter.go:28.19,29.60 1 0
github.com/slipros/roamer/mockroamer/ReflectValueFormatter.go:32.2,33.77 2 0
github.com/slipros/roamer/mockroamer/ReflectValueFormatter.go:33.77,35.3 1 0
github.com/slipros/roamer/mockroamer/ReflectValueFormatter.go:35.8,37.3 1 0
github.com/slipros/roamer/mockroamer/ReflectValueFormatter.go:39.2,39.11 1 0
github.com/slipros/roamer/mockroamer/ReflectValueFormatter.go:50.143,52.2 1 0
github.com/slipros/roamer/mockroamer/ReflectValueFormatter.go:54.161,55.40 1 0
github.com/slipros/roamer/mockroamer/ReflectValueFormatter.go:55.40,57.3 1 0
github.com/slipros/roamer/mockroamer/ReflectValueFormatter.go:58.2,58.11 1 0
github.com/slipros/roamer/mockroamer/ReflectValueFormatter.go:61.123,64.2 2 0
github.com/slipros/roamer/mockroamer/ReflectValueFormatter.go:66.168,69.2 2 0
github.com/slipros/roamer/mockroamer/ReflectValueFormatter.go:76.27,80.19 3 0
github.com/slipros/roamer/mockroamer/ReflectValueFormatter.go:80.19,80.49 1 0
github.com/slipros/roamer/mockroamer/ReflectValueFormatter.go:82.2,82.13 1 0
